#
# A fatal error has been detected by the Java Runtime Environment:
#
#  EXCEPTION_ACCESS_VIOLATION (0xc0000005) at pc=0x00007ff9952d8e06, pid=22188, tid=4516
#
# JRE version: Java(TM) SE Runtime Environment (21.0.7+8) (build 21.0.7+8-LTS-245)
# Java VM: Java HotSpot(TM) 64-Bit Server VM (21.0.7+8-LTS-245, mixed mode, sharing, tiered, compressed oops, compressed class ptrs, g1 gc, windows-amd64)
# Problematic frame:
# C  [nvoglv64.dll+0x1568e06]
#
# No core dump will be written. Minidumps are not enabled by default on client versions of Windows
#
# If you would like to submit a bug report, please visit:
#   https://bugreport.java.com/bugreport/crash.jsp
# The crash happened outside the Java Virtual Machine in native code.
# See problematic frame for where to report the bug.
#

---------------  S U M M A R Y ------------

Command Line: -Dfile.encoding=UTF-8 -Dstdout.encoding=UTF-8 -Dstderr.encoding=UTF-8 --module-path=C:\Users\user\eclipse-workspace\Kvadratiki\bin;C:\Users\user\eclipse-workspace\Kvadratiki\library\joml-1.10.8.jar;C:\Users\user\eclipse-workspace\Kvadratiki\library\joml-1.10.8-javadoc.jar;C:\Users\user\eclipse-workspace\Kvadratiki\library\joml-1.10.8-sources.jar;C:\Users\user\eclipse-workspace\Kvadratiki\library\lwjgl.jar;C:\Users\user\eclipse-workspace\Kvadratiki\library\lwjgl-assimp.jar;C:\Users\user\eclipse-workspace\Kvadratiki\library\lwjgl-assimp-javadoc.jar;C:\Users\user\eclipse-workspace\Kvadratiki\library\lwjgl-assimp-natives-windows.jar;C:\Users\user\eclipse-workspace\Kvadratiki\library\lwjgl-assimp-sources.jar;C:\Users\user\eclipse-workspace\Kvadratiki\library\lwjgl-glfw.jar;C:\Users\user\eclipse-workspace\Kvadratiki\library\lwjgl-glfw-javadoc.jar;C:\Users\user\eclipse-workspace\Kvadratiki\library\lwjgl-glfw-natives-windows.jar;C:\Users\user\eclipse-workspace\Kvadratiki\library\lwjgl-glfw-sources.jar;C:\Users\user\eclipse-workspace\Kvadratiki\library\lwjgl-javadoc.jar;C:\Users\user\eclipse-workspace\Kvadratiki\library\lwjgl-natives-windows.jar;C:\Users\user\eclipse-workspace\Kvadratiki\library\lwjgl-openal.jar;C:\Users\user\eclipse-workspace\Kvadratiki\library\lwjgl-openal-javadoc.jar;C:\Users\user\eclipse-workspace\Kvadratiki\library\lwjgl-openal-natives-windows.jar;C:\Users\user\eclipse-workspace\Kvadratiki\library\lwjgl-openal-sources.jar;C:\Users\user\eclipse-workspace\Kvadratiki\library\lwjgl-opengl.jar;C:\Users\user\eclipse-workspace\Kvadratiki\library\lwjgl-opengl-javadoc.jar;C:\Users\user\eclipse-workspace\Kvadratiki\library\lwjgl-opengl-natives-windows.jar;C:\Users\user\eclipse-workspace\Kvadratiki\library\lwjgl-opengl-sources.jar;C:\Users\user\eclipse-workspace\Kvadratiki\library\lwjgl-sources.jar;C:\Users\user\eclipse-workspace\Kvadratiki\library\lwjgl-stb.jar;C:\Users\user\eclipse-workspace\Kvadratiki\library\lwjgl-stb-javadoc.jar;C:\Users\user\eclipse-workspace\Kvadratiki\library\lwjgl-stb-natives-windows.jar;C:\Users\user\ecli-XX:+ShowCodeDetailsInExceptionMessages -Djdk.module.main=Kvadratiki Kvadratiki/Run.Main

Host: AMD Ryzen 5 5600X 6-Core Processor             , 12 cores, 31G,  Windows 10 , 64 bit Build 19041 (10.0.19041.2546)
Time: Tue Apr 14 21:30:49 2026 RTZ 2 (s 10 , 64 bit Build 19041 (10.0.19041.2546) elapsed time: 0.564513 seconds (0d 0h 0m 0s)

---------------  T H R E A D  ---------------

Current thread (0x00000218249acc80):  JavaThread "main"             [_thread_in_native, id=4516, stack(0x000000388fa00000,0x000000388fb00000) (1024K)]

Stack: [0x000000388fa00000,0x000000388fb00000],  sp=0x000000388fafedb8,  free space=1019k
Native frames: (J=compiled Java code, j=interpreted, Vv=VM code, C=native code)
C  [nvoglv64.dll+0x1568e06]

Java frames: (J=compiled Java code, j=interpreted, Vv=VM code)
j  org.lwjgl.opengl.GL11C.nglDrawElements(IIIJ)V+0 org.lwjgl.opengl@3.4.1+2
j  org.lwjgl.opengl.GL11C.glDrawElements(IIIJ)V+4 org.lwjgl.opengl@3.4.1+2
j  org.lwjgl.opengl.GL11.glDrawElements(IIIJ)V+4 org.lwjgl.opengl@3.4.1+2
j  renderEngine.Renderer.render(LrenderEngine/RawVAO;)V+20 Kvadratiki
j  Run.Main.main([Ljava/lang/String;)V+125 Kvadratiki
v  ~StubRoutines::call_stub 0x0000021835d8100d

siginfo: EXCEPTION_ACCESS_VIOLATION (0xc0000005), reading address 0x0000000000000000


Registers:
RAX=0x0000021891cf8928, RBX=0x0000021891cf890c, RCX=0x0000021891cf8928, RDX=0x0000000000000000
RSP=0x000000388fafedb8, RBP=0x000000000000003c, RSI=0x0000000000000004, RDI=0x0000021892a37080
R8 =0x0000000000000010, R9 =0x0000000000000000, R10=0x00007ff993d70000, R11=0x0000000000000004
R12=0x0000000000000001, R13=0x0000000000001405, R14=0x0000000000000010, R15=0x0000000000000000
RIP=0x00007ff9952d8e06, EFLAGS=0x0000000000010287


Register to memory mapping:

RAX=0x0000021891cf8928 points into unknown readable memory: 0x0000000000000000 | 00 00 00 00 00 00 00 00
RBX=0x0000021891cf890c points into unknown readable memory: 06 e0 01 00
RCX=0x0000021891cf8928 points into unknown readable memory: 0x0000000000000000 | 00 00 00 00 00 00 00 00
RDX=0x0 is null
RSP=0x000000388fafedb8 is pointing into the stack for thread: 0x00000218249acc80
RBP=0x000000000000003c is an unknown value
RSI=0x0000000000000004 is an unknown value
RDI=0x0000021892a37080 points into unknown readable memory: 0x0000000000000000 | 00 00 00 00 00 00 00 00
R8 =0x0000000000000010 is an unknown value
R9 =0x0 is null
R10=0x00007ff993d70000 nvoglv64.dll
R11=0x0000000000000004 is an unknown value
R12=0x0000000000000001 is an unknown value
R13=0x0000000000001405 is an unknown value
R14=0x0000000000000010 is an unknown value
R15=0x0 is null

Top of Stack: (sp=0x000000388fafedb8)
0x000000388fafedb8:   00007ff9942f426d 000000388fafeed0
0x000000388fafedc8:   00007ff9cf5e6235 000000388fafedf0
0x000000388fafedd8:   0000021835da473c 000000000017555d
0x000000388fafede8:   00000218249acc80 000002188d595fc0
0x000000388fafedf8:   00000218249acc80 0000021835d88860
0x000000388fafee08:   0000021835d8ccbc 00000218249acc80
0x000000388fafee18:   000002188d595fc0 0000000000000000
0x000000388fafee28:   0000021835d88860 0000000000000110
0x000000388fafee38:   0000021835d8ce4b 000000388fafeed0
0x000000388fafee48:   000000388fafef00 000000388fafef10
0x000000388fafee58:   000002188d595fc0 0000021800001405
0x000000388fafee68:   0000000000000000 0000021835d88860
0x000000388fafee78:   00007ff9cf889a6f 0000021835d8cadf
0x000000388fafee88:   000000388fafee88 000002188d595fc0
0x000000388fafee98:   0000000000000008 000002188d5a13e0
0x000000388fafeea8:   0000000000000000 000000062076d1e0
0x000000388fafeeb8:   000002188d595fc0 0000000000000000
0x000000388fafeec8:   000000388fafeef0 000000388fafef60
0x000000388fafeed8:   0000021835d88860 000000062076d1e0
0x000000388fafeee8:   0000021835d8a3d7 0000000000000000
0x000000388fafeef8:   0000000000000000 0000000000001405
0x000000388fafef08:   0000000000000004 0000000000000001
0x000000388fafef18:   000000388fafef18 000002188d596064
0x000000388fafef28:   0000000000000006 000002188d5a13e0
0x000000388fafef38:   0000000000000000 000000062076d1e0
0x000000388fafef48:   000002188d5960a8 000000388fafeef0
0x000000388fafef58:   000000388fafef70 000000388fafefe0
0x000000388fafef68:   0000021835d88860 0000000000000000
0x000000388fafef78:   0000000000000000 0000000000001405
0x000000388fafef88:   0000000000000004 0000000000000001
0x000000388fafef98:   000000388fafef98 000002188d56abec
0x000000388fafefa8:   0000000000000006 000002188d591778 

Instructions: (pc=0x00007ff9952d8e06)
0x00007ff9952d8d06:   4a 02 4d 03 ca 41 ff e1 c3 90 4c 8b 02 8b 4a 08
0x00007ff9952d8d16:   44 0f b7 4a 0c 44 0f b6 52 0e 4c 89 00 89 48 08
0x00007ff9952d8d26:   66 44 89 48 0c 44 88 50 0e c3 4c 8b 02 0f b7 4a
0x00007ff9952d8d36:   08 44 0f b6 4a 0a 4c 89 00 66 89 48 08 44 88 48
0x00007ff9952d8d46:   0a c3 0f b7 0a 66 89 08 c3 90 8b 0a 44 0f b7 42
0x00007ff9952d8d56:   04 44 0f b6 4a 06 89 08 66 44 89 40 04 44 88 48
0x00007ff9952d8d66:   06 c3 4c 8b 02 8b 4a 08 44 0f b7 4a 0c 4c 89 00
0x00007ff9952d8d76:   89 48 08 66 44 89 48 0c c3 0f b7 0a 44 0f b6 42
0x00007ff9952d8d86:   02 66 89 08 44 88 40 02 c3 90 4c 8b 02 8b 4a 08
0x00007ff9952d8d96:   44 0f b6 4a 0c 4c 89 00 89 48 08 44 88 48 0c c3
0x00007ff9952d8da6:   4c 8b 02 0f b7 4a 08 4c 89 00 66 89 48 08 c3 4c
0x00007ff9952d8db6:   8b 02 0f b6 4a 08 4c 89 00 88 48 08 c3 4c 8b 02
0x00007ff9952d8dc6:   8b 4a 08 4c 89 00 89 48 08 c3 8b 0a 44 0f b7 42
0x00007ff9952d8dd6:   04 89 08 66 44 89 40 04 c3 8b 0a 44 0f b6 42 04
0x00007ff9952d8de6:   89 08 44 88 40 04 c3 48 8b 0a 48 89 08 c3 0f b6
0x00007ff9952d8df6:   0a 88 08 c3 8b 0a 89 08 c3 90 49 83 f8 20 77 17
0x00007ff9952d8e06:   f3 0f 6f 0a f3 42 0f 6f 54 02 f0 f3 0f 7f 09 f3
0x00007ff9952d8e16:   42 0f 7f 54 01 f0 c3 4e 8d 0c 02 48 3b ca 4c 0f
0x00007ff9952d8e26:   46 c9 49 3b c9 0f 82 3f 04 00 00 83 3d 28 24 16
0x00007ff9952d8e36:   01 03 0f 82 e2 02 00 00 49 81 f8 00 20 00 00 76
0x00007ff9952d8e46:   16 49 81 f8 00 00 18 00 77 0d f6 05 81 c0 26 01
0x00007ff9952d8e56:   02 0f 85 73 fe ff ff c5 fe 6f 02 c4 a1 7e 6f 6c
0x00007ff9952d8e66:   02 e0 49 81 f8 00 01 00 00 0f 86 c3 00 00 00 4c
0x00007ff9952d8e76:   8b c9 49 83 e1 1f 49 83 e9 20 49 2b c9 49 2b d1
0x00007ff9952d8e86:   4d 03 c1 49 81 f8 00 01 00 00 0f 86 a2 00 00 00
0x00007ff9952d8e96:   49 81 f8 00 00 18 00 0f 87 3d 01 00 00 66 66 66
0x00007ff9952d8ea6:   66 66 0f 1f 84 00 00 00 00 00 c5 fe 6f 0a c5 fe
0x00007ff9952d8eb6:   6f 52 20 c5 fe 6f 5a 40 c5 fe 6f 62 60 c5 fd 7f
0x00007ff9952d8ec6:   09 c5 fd 7f 51 20 c5 fd 7f 59 40 c5 fd 7f 61 60
0x00007ff9952d8ed6:   c5 fe 6f 8a 80 00 00 00 c5 fe 6f 92 a0 00 00 00
0x00007ff9952d8ee6:   c5 fe 6f 9a c0 00 00 00 c5 fe 6f a2 e0 00 00 00
0x00007ff9952d8ef6:   c5 fd 7f 89 80 00 00 00 c5 fd 7f 91 a0 00 00 00 


Stack slot to memory mapping:

stack at sp + 0 slots: 0x00007ff9942f426d nvoglv64.dll
stack at sp + 1 slots: 0x000000388fafeed0 is pointing into the stack for thread: 0x00000218249acc80
stack at sp + 2 slots: 0x00007ff9cf5e6235 jvm.dll
stack at sp + 3 slots: 0x000000388fafedf0 is pointing into the stack for thread: 0x00000218249acc80
stack at sp + 4 slots: 0x0000021835da473c is at code_begin+3644 in 
[CodeBlob (0x0000021835da3890)]
Framesize: 0
BufferBlob (0x0000021835da3890) used for native signature handlers
stack at sp + 5 slots: 0x000000000017555d is an unknown value
stack at sp + 6 slots: 0x00000218249acc80 is a thread
stack at sp + 7 slots: {method} {0x000002188d595fc8} 'nglDrawElements' '(IIIJ)V' in 'org/lwjgl/opengl/GL11C'


---------------  P R O C E S S  ---------------

Threads class SMR info:
_java_thread_list=0x0000021891ca7c30, length=11, elements={
0x00000218249acc80, 0x000002184ad96f40, 0x000002184ad987a0, 0x000002184ad9dcd0,
0x000002184b2f0080, 0x000002184b2f1270, 0x000002184b2fadf0, 0x000002184b2fb930,
0x000002184b2fc180, 0x000002184b3c4860, 0x000002184b656430
}

Java Threads: ( => current thread )
=>0x00000218249acc80 JavaThread "main"                              [_thread_in_native, id=4516, stack(0x000000388fa00000,0x000000388fb00000) (1024K)]
  0x000002184ad96f40 JavaThread "Reference Handler"          daemon [_thread_blocked, id=10632, stack(0x0000003890200000,0x0000003890300000) (1024K)]
  0x000002184ad987a0 JavaThread "Finalizer"                  daemon [_thread_blocked, id=8256, stack(0x0000003890300000,0x0000003890400000) (1024K)]
  0x000002184ad9dcd0 JavaThread "Signal Dispatcher"          daemon [_thread_blocked, id=14040, stack(0x0000003890400000,0x0000003890500000) (1024K)]
  0x000002184b2f0080 JavaThread "Attach Listener"            daemon [_thread_blocked, id=2832, stack(0x0000003890500000,0x0000003890600000) (1024K)]
  0x000002184b2f1270 JavaThread "Service Thread"             daemon [_thread_blocked, id=20272, stack(0x0000003890600000,0x0000003890700000) (1024K)]
  0x000002184b2fadf0 JavaThread "Monitor Deflation Thread"   daemon [_thread_blocked, id=19076, stack(0x0000003890700000,0x0000003890800000) (1024K)]
  0x000002184b2fb930 JavaThread "C2 CompilerThread0"         daemon [_thread_blocked, id=16096, stack(0x0000003890800000,0x0000003890900000) (1024K)]
  0x000002184b2fc180 JavaThread "C1 CompilerThread0"         daemon [_thread_blocked, id=2992, stack(0x0000003890900000,0x0000003890a00000) (1024K)]
  0x000002184b3c4860 JavaThread "Common-Cleaner"             daemon [_thread_blocked, id=9624, stack(0x0000003890a00000,0x0000003890b00000) (1024K)]
  0x000002184b656430 JavaThread "Notification Thread"        daemon [_thread_blocked, id=23592, stack(0x0000003890c00000,0x0000003890d00000) (1024K)]
Total: 11

Other Threads:
  0x000002184ad767b0 VMThread "VM Thread"                           [id=13788, stack(0x0000003890100000,0x0000003890200000) (1024K)]
  0x000002184ad64a80 WatcherThread "VM Periodic Task Thread"        [id=21136, stack(0x0000003890000000,0x0000003890100000) (1024K)]
  0x0000021824c52de0 WorkerThread "GC Thread#0"                     [id=2368, stack(0x000000388fb00000,0x000000388fc00000) (1024K)]
  0x0000021824c64690 ConcurrentGCThread "G1 Main Marker"            [id=13620, stack(0x000000388fc00000,0x000000388fd00000) (1024K)]
  0x0000021824c65190 WorkerThread "G1 Conc#0"                       [id=17000, stack(0x000000388fd00000,0x000000388fe00000) (1024K)]
  0x000002184ac27100 ConcurrentGCThread "G1 Refine#0"               [id=19164, stack(0x000000388fe00000,0x000000388ff00000) (1024K)]
  0x000002184ac27c70 ConcurrentGCThread "G1 Service"                [id=11648, stack(0x000000388ff00000,0x0000003890000000) (1024K)]
Total: 7

Threads with active compile tasks:
Total: 0

VM state: not at safepoint (normal execution)

VM Mutex/Monitor currently owned by a thread: None

Heap address: 0x0000000601000000, size: 8176 MB, Compressed Oops mode: Zero based, Oop shift amount: 3

CDS archive(s) mapped at: [0x000002184c000000-0x000002184cc90000-0x000002184cc90000), size 13172736, SharedBaseAddress: 0x000002184c000000, ArchiveRelocationMode: 1.
Compressed class space mapped at: 0x000002184d000000-0x000002188d000000, reserved size: 1073741824
Narrow klass base: 0x000002184c000000, Narrow klass shift: 0, Narrow klass range: 0x100000000

GC Precious Log:
 CardTable entry size: 512
 Card Set container configuration: InlinePtr #cards 4 size 8 Array Of Cards #cards 32 size 80 Howl #buckets 8 coarsen threshold 7372 Howl Bitmap #cards 1024 size 144 coarsen threshold 921 Card regions per heap region 1 cards per card region 8192
 CPUs: 12 total, 12 available
 Memory: 32694M
 Large Page Support: Disabled
 NUMA Support: Disabled
 Compressed Oops: Enabled (Zero based)
 Heap Region Size: 4M
 Heap Min Capacity: 8M
 Heap Initial Capacity: 512M
 Heap Max Capacity: 8176M
 Pre-touch: Disabled
 Parallel Workers: 10
 Concurrent Workers: 3
 Concurrent Refinement Workers: 10
 Periodic GC: Disabled

Heap:
 garbage-first heap   total 524288K, used 12288K [0x0000000601000000, 0x0000000800000000)
  region size 4096K, 4 young (16384K), 0 survivors (0K)
 Metaspace       used 3821K, committed 4032K, reserved 1114112K
  class space    used 206K, committed 320K, reserved 1048576K

Heap Regions: E=young(eden), S=young(survivor), O=old, HS=humongous(starts), HC=humongous(continues), CS=collection set, F=free, TAMS=top-at-mark-start, PB=parsable bottom
|   0|0x0000000601000000, 0x0000000601000000, 0x0000000601400000|  0%| F|  |TAMS 0x0000000601000000| PB 0x0000000601000000| Untracked 
|   1|0x0000000601400000, 0x0000000601400000, 0x0000000601800000|  0%| F|  |TAMS 0x0000000601400000| PB 0x0000000601400000| Untracked 
|   2|0x0000000601800000, 0x0000000601800000, 0x0000000601c00000|  0%| F|  |TAMS 0x0000000601800000| PB 0x0000000601800000| Untracked 
|   3|0x0000000601c00000, 0x0000000601c00000, 0x0000000602000000|  0%| F|  |TAMS 0x0000000601c00000| PB 0x0000000601c00000| Untracked 
|   4|0x0000000602000000, 0x0000000602000000, 0x0000000602400000|  0%| F|  |TAMS 0x0000000602000000| PB 0x0000000602000000| Untracked 
|   5|0x0000000602400000, 0x0000000602400000, 0x0000000602800000|  0%| F|  |TAMS 0x0000000602400000| PB 0x0000000602400000| Untracked 
|   6|0x0000000602800000, 0x0000000602800000, 0x0000000602c00000|  0%| F|  |TAMS 0x0000000602800000| PB 0x0000000602800000| Untracked 
|   7|0x0000000602c00000, 0x0000000602c00000, 0x0000000603000000|  0%| F|  |TAMS 0x0000000602c00000| PB 0x0000000602c00000| Untracked 
|   8|0x0000000603000000, 0x0000000603000000, 0x0000000603400000|  0%| F|  |TAMS 0x0000000603000000| PB 0x0000000603000000| Untracked 
|   9|0x0000000603400000, 0x0000000603400000, 0x0000000603800000|  0%| F|  |TAMS 0x0000000603400000| PB 0x0000000603400000| Untracked 
|  10|0x0000000603800000, 0x0000000603800000, 0x0000000603c00000|  0%| F|  |TAMS 0x0000000603800000| PB 0x0000000603800000| Untracked 
|  11|0x0000000603c00000, 0x0000000603c00000, 0x0000000604000000|  0%| F|  |TAMS 0x0000000603c00000| PB 0x0000000603c00000| Untracked 
|  12|0x0000000604000000, 0x0000000604000000, 0x0000000604400000|  0%| F|  |TAMS 0x0000000604000000| PB 0x0000000604000000| Untracked 
|  13|0x0000000604400000, 0x0000000604400000, 0x0000000604800000|  0%| F|  |TAMS 0x0000000604400000| PB 0x0000000604400000| Untracked 
|  14|0x0000000604800000, 0x0000000604800000, 0x0000000604c00000|  0%| F|  |TAMS 0x0000000604800000| PB 0x0000000604800000| Untracked 
|  15|0x0000000604c00000, 0x0000000604c00000, 0x0000000605000000|  0%| F|  |TAMS 0x0000000604c00000| PB 0x0000000604c00000| Untracked 
|  16|0x0000000605000000, 0x0000000605000000, 0x0000000605400000|  0%| F|  |TAMS 0x0000000605000000| PB 0x0000000605000000| Untracked 
|  17|0x0000000605400000, 0x0000000605400000, 0x0000000605800000|  0%| F|  |TAMS 0x0000000605400000| PB 0x0000000605400000| Untracked 
|  18|0x0000000605800000, 0x0000000605800000, 0x0000000605c00000|  0%| F|  |TAMS 0x0000000605800000| PB 0x0000000605800000| Untracked 
|  19|0x0000000605c00000, 0x0000000605c00000, 0x0000000606000000|  0%| F|  |TAMS 0x0000000605c00000| PB 0x0000000605c00000| Untracked 
|  20|0x0000000606000000, 0x0000000606000000, 0x0000000606400000|  0%| F|  |TAMS 0x0000000606000000| PB 0x0000000606000000| Untracked 
|  21|0x0000000606400000, 0x0000000606400000, 0x0000000606800000|  0%| F|  |TAMS 0x0000000606400000| PB 0x0000000606400000| Untracked 
|  22|0x0000000606800000, 0x0000000606800000, 0x0000000606c00000|  0%| F|  |TAMS 0x0000000606800000| PB 0x0000000606800000| Untracked 
|  23|0x0000000606c00000, 0x0000000606c00000, 0x0000000607000000|  0%| F|  |TAMS 0x0000000606c00000| PB 0x0000000606c00000| Untracked 
|  24|0x0000000607000000, 0x0000000607000000, 0x0000000607400000|  0%| F|  |TAMS 0x0000000607000000| PB 0x0000000607000000| Untracked 
|  25|0x0000000607400000, 0x0000000607400000, 0x0000000607800000|  0%| F|  |TAMS 0x0000000607400000| PB 0x0000000607400000| Untracked 
|  26|0x0000000607800000, 0x0000000607800000, 0x0000000607c00000|  0%| F|  |TAMS 0x0000000607800000| PB 0x0000000607800000| Untracked 
|  27|0x0000000607c00000, 0x0000000607c00000, 0x0000000608000000|  0%| F|  |TAMS 0x0000000607c00000| PB 0x0000000607c00000| Untracked 
|  28|0x0000000608000000, 0x0000000608000000, 0x0000000608400000|  0%| F|  |TAMS 0x0000000608000000| PB 0x0000000608000000| Untracked 
|  29|0x0000000608400000, 0x0000000608400000, 0x0000000608800000|  0%| F|  |TAMS 0x0000000608400000| PB 0x0000000608400000| Untracked 
|  30|0x0000000608800000, 0x0000000608800000, 0x0000000608c00000|  0%| F|  |TAMS 0x0000000608800000| PB 0x0000000608800000| Untracked 
|  31|0x0000000608c00000, 0x0000000608c00000, 0x0000000609000000|  0%| F|  |TAMS 0x0000000608c00000| PB 0x0000000608c00000| Untracked 
|  32|0x0000000609000000, 0x0000000609000000, 0x0000000609400000|  0%| F|  |TAMS 0x0000000609000000| PB 0x0000000609000000| Untracked 
|  33|0x0000000609400000, 0x0000000609400000, 0x0000000609800000|  0%| F|  |TAMS 0x0000000609400000| PB 0x0000000609400000| Untracked 
|  34|0x0000000609800000, 0x0000000609800000, 0x0000000609c00000|  0%| F|  |TAMS 0x0000000609800000| PB 0x0000000609800000| Untracked 
|  35|0x0000000609c00000, 0x0000000609c00000, 0x000000060a000000|  0%| F|  |TAMS 0x0000000609c00000| PB 0x0000000609c00000| Untracked 
|  36|0x000000060a000000, 0x000000060a000000, 0x000000060a400000|  0%| F|  |TAMS 0x000000060a000000| PB 0x000000060a000000| Untracked 
|  37|0x000000060a400000, 0x000000060a400000, 0x000000060a800000|  0%| F|  |TAMS 0x000000060a400000| PB 0x000000060a400000| Untracked 
|  38|0x000000060a800000, 0x000000060a800000, 0x000000060ac00000|  0%| F|  |TAMS 0x000000060a800000| PB 0x000000060a800000| Untracked 
|  39|0x000000060ac00000, 0x000000060ac00000, 0x000000060b000000|  0%| F|  |TAMS 0x000000060ac00000| PB 0x000000060ac00000| Untracked 
|  40|0x000000060b000000, 0x000000060b000000, 0x000000060b400000|  0%| F|  |TAMS 0x000000060b000000| PB 0x000000060b000000| Untracked 
|  41|0x000000060b400000, 0x000000060b400000, 0x000000060b800000|  0%| F|  |TAMS 0x000000060b400000| PB 0x000000060b400000| Untracked 
|  42|0x000000060b800000, 0x000000060b800000, 0x000000060bc00000|  0%| F|  |TAMS 0x000000060b800000| PB 0x000000060b800000| Untracked 
|  43|0x000000060bc00000, 0x000000060bc00000, 0x000000060c000000|  0%| F|  |TAMS 0x000000060bc00000| PB 0x000000060bc00000| Untracked 
|  44|0x000000060c000000, 0x000000060c000000, 0x000000060c400000|  0%| F|  |TAMS 0x000000060c000000| PB 0x000000060c000000| Untracked 
|  45|0x000000060c400000, 0x000000060c400000, 0x000000060c800000|  0%| F|  |TAMS 0x000000060c400000| PB 0x000000060c400000| Untracked 
|  46|0x000000060c800000, 0x000000060c800000, 0x000000060cc00000|  0%| F|  |TAMS 0x000000060c800000| PB 0x000000060c800000| Untracked 
|  47|0x000000060cc00000, 0x000000060cc00000, 0x000000060d000000|  0%| F|  |TAMS 0x000000060cc00000| PB 0x000000060cc00000| Untracked 
|  48|0x000000060d000000, 0x000000060d000000, 0x000000060d400000|  0%| F|  |TAMS 0x000000060d000000| PB 0x000000060d000000| Untracked 
|  49|0x000000060d400000, 0x000000060d400000, 0x000000060d800000|  0%| F|  |TAMS 0x000000060d400000| PB 0x000000060d400000| Untracked 
|  50|0x000000060d800000, 0x000000060d800000, 0x000000060dc00000|  0%| F|  |TAMS 0x000000060d800000| PB 0x000000060d800000| Untracked 
|  51|0x000000060dc00000, 0x000000060dc00000, 0x000000060e000000|  0%| F|  |TAMS 0x000000060dc00000| PB 0x000000060dc00000| Untracked 
|  52|0x000000060e000000, 0x000000060e000000, 0x000000060e400000|  0%| F|  |TAMS 0x000000060e000000| PB 0x000000060e000000| Untracked 
|  53|0x000000060e400000, 0x000000060e400000, 0x000000060e800000|  0%| F|  |TAMS 0x000000060e400000| PB 0x000000060e400000| Untracked 
|  54|0x000000060e800000, 0x000000060e800000, 0x000000060ec00000|  0%| F|  |TAMS 0x000000060e800000| PB 0x000000060e800000| Untracked 
|  55|0x000000060ec00000, 0x000000060ec00000, 0x000000060f000000|  0%| F|  |TAMS 0x000000060ec00000| PB 0x000000060ec00000| Untracked 
|  56|0x000000060f000000, 0x000000060f000000, 0x000000060f400000|  0%| F|  |TAMS 0x000000060f000000| PB 0x000000060f000000| Untracked 
|  57|0x000000060f400000, 0x000000060f400000, 0x000000060f800000|  0%| F|  |TAMS 0x000000060f400000| PB 0x000000060f400000| Untracked 
|  58|0x000000060f800000, 0x000000060f800000, 0x000000060fc00000|  0%| F|  |TAMS 0x000000060f800000| PB 0x000000060f800000| Untracked 
|  59|0x000000060fc00000, 0x000000060fc00000, 0x0000000610000000|  0%| F|  |TAMS 0x000000060fc00000| PB 0x000000060fc00000| Untracked 
|  60|0x0000000610000000, 0x0000000610000000, 0x0000000610400000|  0%| F|  |TAMS 0x0000000610000000| PB 0x0000000610000000| Untracked 
|  61|0x0000000610400000, 0x0000000610400000, 0x0000000610800000|  0%| F|  |TAMS 0x0000000610400000| PB 0x0000000610400000| Untracked 
|  62|0x0000000610800000, 0x0000000610800000, 0x0000000610c00000|  0%| F|  |TAMS 0x0000000610800000| PB 0x0000000610800000| Untracked 
|  63|0x0000000610c00000, 0x0000000610c00000, 0x0000000611000000|  0%| F|  |TAMS 0x0000000610c00000| PB 0x0000000610c00000| Untracked 
|  64|0x0000000611000000, 0x0000000611000000, 0x0000000611400000|  0%| F|  |TAMS 0x0000000611000000| PB 0x0000000611000000| Untracked 
|  65|0x0000000611400000, 0x0000000611400000, 0x0000000611800000|  0%| F|  |TAMS 0x0000000611400000| PB 0x0000000611400000| Untracked 
|  66|0x0000000611800000, 0x0000000611800000, 0x0000000611c00000|  0%| F|  |TAMS 0x0000000611800000| PB 0x0000000611800000| Untracked 
|  67|0x0000000611c00000, 0x0000000611c00000, 0x0000000612000000|  0%| F|  |TAMS 0x0000000611c00000| PB 0x0000000611c00000| Untracked 
|  68|0x0000000612000000, 0x0000000612000000, 0x0000000612400000|  0%| F|  |TAMS 0x0000000612000000| PB 0x0000000612000000| Untracked 
|  69|0x0000000612400000, 0x0000000612400000, 0x0000000612800000|  0%| F|  |TAMS 0x0000000612400000| PB 0x0000000612400000| Untracked 
|  70|0x0000000612800000, 0x0000000612800000, 0x0000000612c00000|  0%| F|  |TAMS 0x0000000612800000| PB 0x0000000612800000| Untracked 
|  71|0x0000000612c00000, 0x0000000612c00000, 0x0000000613000000|  0%| F|  |TAMS 0x0000000612c00000| PB 0x0000000612c00000| Untracked 
|  72|0x0000000613000000, 0x0000000613000000, 0x0000000613400000|  0%| F|  |TAMS 0x0000000613000000| PB 0x0000000613000000| Untracked 
|  73|0x0000000613400000, 0x0000000613400000, 0x0000000613800000|  0%| F|  |TAMS 0x0000000613400000| PB 0x0000000613400000| Untracked 
|  74|0x0000000613800000, 0x0000000613800000, 0x0000000613c00000|  0%| F|  |TAMS 0x0000000613800000| PB 0x0000000613800000| Untracked 
|  75|0x0000000613c00000, 0x0000000613c00000, 0x0000000614000000|  0%| F|  |TAMS 0x0000000613c00000| PB 0x0000000613c00000| Untracked 
|  76|0x0000000614000000, 0x0000000614000000, 0x0000000614400000|  0%| F|  |TAMS 0x0000000614000000| PB 0x0000000614000000| Untracked 
|  77|0x0000000614400000, 0x0000000614400000, 0x0000000614800000|  0%| F|  |TAMS 0x0000000614400000| PB 0x0000000614400000| Untracked 
|  78|0x0000000614800000, 0x0000000614800000, 0x0000000614c00000|  0%| F|  |TAMS 0x0000000614800000| PB 0x0000000614800000| Untracked 
|  79|0x0000000614c00000, 0x0000000614c00000, 0x0000000615000000|  0%| F|  |TAMS 0x0000000614c00000| PB 0x0000000614c00000| Untracked 
|  80|0x0000000615000000, 0x0000000615000000, 0x0000000615400000|  0%| F|  |TAMS 0x0000000615000000| PB 0x0000000615000000| Untracked 
|  81|0x0000000615400000, 0x0000000615400000, 0x0000000615800000|  0%| F|  |TAMS 0x0000000615400000| PB 0x0000000615400000| Untracked 
|  82|0x0000000615800000, 0x0000000615800000, 0x0000000615c00000|  0%| F|  |TAMS 0x0000000615800000| PB 0x0000000615800000| Untracked 
|  83|0x0000000615c00000, 0x0000000615c00000, 0x0000000616000000|  0%| F|  |TAMS 0x0000000615c00000| PB 0x0000000615c00000| Untracked 
|  84|0x0000000616000000, 0x0000000616000000, 0x0000000616400000|  0%| F|  |TAMS 0x0000000616000000| PB 0x0000000616000000| Untracked 
|  85|0x0000000616400000, 0x0000000616400000, 0x0000000616800000|  0%| F|  |TAMS 0x0000000616400000| PB 0x0000000616400000| Untracked 
|  86|0x0000000616800000, 0x0000000616800000, 0x0000000616c00000|  0%| F|  |TAMS 0x0000000616800000| PB 0x0000000616800000| Untracked 
|  87|0x0000000616c00000, 0x0000000616c00000, 0x0000000617000000|  0%| F|  |TAMS 0x0000000616c00000| PB 0x0000000616c00000| Untracked 
|  88|0x0000000617000000, 0x0000000617000000, 0x0000000617400000|  0%| F|  |TAMS 0x0000000617000000| PB 0x0000000617000000| Untracked 
|  89|0x0000000617400000, 0x0000000617400000, 0x0000000617800000|  0%| F|  |TAMS 0x0000000617400000| PB 0x0000000617400000| Untracked 
|  90|0x0000000617800000, 0x0000000617800000, 0x0000000617c00000|  0%| F|  |TAMS 0x0000000617800000| PB 0x0000000617800000| Untracked 
|  91|0x0000000617c00000, 0x0000000617c00000, 0x0000000618000000|  0%| F|  |TAMS 0x0000000617c00000| PB 0x0000000617c00000| Untracked 
|  92|0x0000000618000000, 0x0000000618000000, 0x0000000618400000|  0%| F|  |TAMS 0x0000000618000000| PB 0x0000000618000000| Untracked 
|  93|0x0000000618400000, 0x0000000618400000, 0x0000000618800000|  0%| F|  |TAMS 0x0000000618400000| PB 0x0000000618400000| Untracked 
|  94|0x0000000618800000, 0x0000000618800000, 0x0000000618c00000|  0%| F|  |TAMS 0x0000000618800000| PB 0x0000000618800000| Untracked 
|  95|0x0000000618c00000, 0x0000000618c00000, 0x0000000619000000|  0%| F|  |TAMS 0x0000000618c00000| PB 0x0000000618c00000| Untracked 
|  96|0x0000000619000000, 0x0000000619000000, 0x0000000619400000|  0%| F|  |TAMS 0x0000000619000000| PB 0x0000000619000000| Untracked 
|  97|0x0000000619400000, 0x0000000619400000, 0x0000000619800000|  0%| F|  |TAMS 0x0000000619400000| PB 0x0000000619400000| Untracked 
|  98|0x0000000619800000, 0x0000000619800000, 0x0000000619c00000|  0%| F|  |TAMS 0x0000000619800000| PB 0x0000000619800000| Untracked 
|  99|0x0000000619c00000, 0x0000000619c00000, 0x000000061a000000|  0%| F|  |TAMS 0x0000000619c00000| PB 0x0000000619c00000| Untracked 
| 100|0x000000061a000000, 0x000000061a000000, 0x000000061a400000|  0%| F|  |TAMS 0x000000061a000000| PB 0x000000061a000000| Untracked 
| 101|0x000000061a400000, 0x000000061a400000, 0x000000061a800000|  0%| F|  |TAMS 0x000000061a400000| PB 0x000000061a400000| Untracked 
| 102|0x000000061a800000, 0x000000061a800000, 0x000000061ac00000|  0%| F|  |TAMS 0x000000061a800000| PB 0x000000061a800000| Untracked 
| 103|0x000000061ac00000, 0x000000061ac00000, 0x000000061b000000|  0%| F|  |TAMS 0x000000061ac00000| PB 0x000000061ac00000| Untracked 
| 104|0x000000061b000000, 0x000000061b000000, 0x000000061b400000|  0%| F|  |TAMS 0x000000061b000000| PB 0x000000061b000000| Untracked 
| 105|0x000000061b400000, 0x000000061b400000, 0x000000061b800000|  0%| F|  |TAMS 0x000000061b400000| PB 0x000000061b400000| Untracked 
| 106|0x000000061b800000, 0x000000061b800000, 0x000000061bc00000|  0%| F|  |TAMS 0x000000061b800000| PB 0x000000061b800000| Untracked 
| 107|0x000000061bc00000, 0x000000061bc00000, 0x000000061c000000|  0%| F|  |TAMS 0x000000061bc00000| PB 0x000000061bc00000| Untracked 
| 108|0x000000061c000000, 0x000000061c000000, 0x000000061c400000|  0%| F|  |TAMS 0x000000061c000000| PB 0x000000061c000000| Untracked 
| 109|0x000000061c400000, 0x000000061c400000, 0x000000061c800000|  0%| F|  |TAMS 0x000000061c400000| PB 0x000000061c400000| Untracked 
| 110|0x000000061c800000, 0x000000061c800000, 0x000000061cc00000|  0%| F|  |TAMS 0x000000061c800000| PB 0x000000061c800000| Untracked 
| 111|0x000000061cc00000, 0x000000061cc00000, 0x000000061d000000|  0%| F|  |TAMS 0x000000061cc00000| PB 0x000000061cc00000| Untracked 
| 112|0x000000061d000000, 0x000000061d000000, 0x000000061d400000|  0%| F|  |TAMS 0x000000061d000000| PB 0x000000061d000000| Untracked 
| 113|0x000000061d400000, 0x000000061d400000, 0x000000061d800000|  0%| F|  |TAMS 0x000000061d400000| PB 0x000000061d400000| Untracked 
| 114|0x000000061d800000, 0x000000061d800000, 0x000000061dc00000|  0%| F|  |TAMS 0x000000061d800000| PB 0x000000061d800000| Untracked 
| 115|0x000000061dc00000, 0x000000061dc00000, 0x000000061e000000|  0%| F|  |TAMS 0x000000061dc00000| PB 0x000000061dc00000| Untracked 
| 116|0x000000061e000000, 0x000000061e000000, 0x000000061e400000|  0%| F|  |TAMS 0x000000061e000000| PB 0x000000061e000000| Untracked 
| 117|0x000000061e400000, 0x000000061e400000, 0x000000061e800000|  0%| F|  |TAMS 0x000000061e400000| PB 0x000000061e400000| Untracked 
| 118|0x000000061e800000, 0x000000061e800000, 0x000000061ec00000|  0%| F|  |TAMS 0x000000061e800000| PB 0x000000061e800000| Untracked 
| 119|0x000000061ec00000, 0x000000061ec00000, 0x000000061f000000|  0%| F|  |TAMS 0x000000061ec00000| PB 0x000000061ec00000| Untracked 
| 120|0x000000061f000000, 0x000000061f000000, 0x000000061f400000|  0%| F|  |TAMS 0x000000061f000000| PB 0x000000061f000000| Untracked 
| 121|0x000000061f400000, 0x000000061f400000, 0x000000061f800000|  0%| F|  |TAMS 0x000000061f400000| PB 0x000000061f400000| Untracked 
| 122|0x000000061f800000, 0x000000061f800000, 0x000000061fc00000|  0%| F|  |TAMS 0x000000061f800000| PB 0x000000061f800000| Untracked 
| 123|0x000000061fc00000, 0x000000061fc00000, 0x0000000620000000|  0%| F|  |TAMS 0x000000061fc00000| PB 0x000000061fc00000| Untracked 
| 124|0x0000000620000000, 0x00000006200fcb68, 0x0000000620400000| 24%| E|  |TAMS 0x0000000620000000| PB 0x0000000620000000| Complete 
| 125|0x0000000620400000, 0x0000000620800000, 0x0000000620800000|100%| E|CS|TAMS 0x0000000620400000| PB 0x0000000620400000| Complete 
| 126|0x0000000620800000, 0x0000000620c00000, 0x0000000620c00000|100%| E|CS|TAMS 0x0000000620800000| PB 0x0000000620800000| Complete 
| 127|0x0000000620c00000, 0x0000000621000000, 0x0000000621000000|100%| E|CS|TAMS 0x0000000620c00000| PB 0x0000000620c00000| Complete 

Card table byte_map: [0x000002183f4f0000,0x00000218404f0000] _byte_map_base: 0x000002183c4e8000

Marking Bits: (CMBitMap*) 0x0000021824c534e0
 Bits: [0x00000218404f0000, 0x00000218484b0000)

Polling page: 0x0000021824c80000

Metaspace:

Usage:
  Non-class:      3.53 MB used.
      Class:    206.34 KB used.
       Both:      3.73 MB used.

Virtual space:
  Non-class space:       64.00 MB reserved,       3.62 MB (  6%) committed,  1 nodes.
      Class space:        1.00 GB reserved,     320.00 KB ( <1%) committed,  1 nodes.
             Both:        1.06 GB reserved,       3.94 MB ( <1%) committed. 

Chunk freelists:
   Non-Class:  9.88 MB
       Class:  15.66 MB
        Both:  25.53 MB

MaxMetaspaceSize: unlimited
CompressedClassSpaceSize: 1.00 GB
Initial GC threshold: 21.00 MB
Current GC threshold: 21.00 MB
CDS: on
 - commit_granule_bytes: 65536.
 - commit_granule_words: 8192.
 - virtual_space_node_default_size: 8388608.
 - enlarge_chunks_in_place: 1.
 - use_allocation_guard: 0.


Internal statistics:

num_allocs_failed_limit: 0.
num_arena_births: 72.
num_arena_deaths: 0.
num_vsnodes_births: 2.
num_vsnodes_deaths: 0.
num_space_committed: 61.
num_space_uncommitted: 0.
num_chunks_returned_to_freelist: 0.
num_chunks_taken_from_freelist: 162.
num_chunk_merges: 0.
num_chunk_splits: 114.
num_chunks_enlarged: 81.
num_inconsistent_stats: 0.

CodeHeap 'non-profiled nmethods': size=120000Kb used=306Kb max_used=306Kb free=119693Kb
 bounds [0x0000021836320000, 0x0000021836590000, 0x000002183d850000]
CodeHeap 'profiled nmethods': size=120000Kb used=1175Kb max_used=1175Kb free=118824Kb
 bounds [0x000002182e850000, 0x000002182eac0000, 0x0000021835d80000]
CodeHeap 'non-nmethods': size=5760Kb used=2134Kb max_used=2134Kb free=3626Kb
 bounds [0x0000021835d80000, 0x0000021835ff0000, 0x0000021836320000]
 total_blobs=1949 nmethods=853 adapters=1001
 compilation: enabled
              stopped_count=0, restarted_count=0
 full_count=0

Compilation events (20 events):
Event: 0.552 Thread 0x000002184b2fb930  844       4       java.lang.String::<init> (15 bytes)
Event: 0.552 Thread 0x000002184b2fc180  845   !   3       java.util.zip.ZipFile$ZipFileInputStream::close (59 bytes)
Event: 0.552 Thread 0x000002184b2fc180 nmethod 845 0x000002182e972f90 code [0x000002182e973160, 0x000002182e973500]
Event: 0.552 Thread 0x000002184b2fc180  846       3       java.util.Collections$SetFromMap::remove (19 bytes)
Event: 0.552 Thread 0x000002184b2fc180 nmethod 846 0x000002182e973710 code [0x000002182e9738c0, 0x000002182e973af8]
Event: 0.553 Thread 0x000002184b2fc180  847   !   3       java.util.jar.JarFile::isMultiRelease (33 bytes)
Event: 0.553 Thread 0x000002184b2fc180 nmethod 847 0x000002182e973b90 code [0x000002182e973d40, 0x000002182e973f48]
Event: 0.553 Thread 0x000002184b2fb930 nmethod 844 0x000002183636c410 code [0x000002183636c5a0, 0x000002183636c710]
Event: 0.555 Thread 0x000002184b2fc180  848       1       java.net.URL::getFile (5 bytes)
Event: 0.555 Thread 0x000002184b2fc180 nmethod 848 0x000002183636c790 code [0x000002183636c920, 0x000002183636c9f0]
Event: 0.555 Thread 0x000002184b2fc180  849       3       java.util.ArrayDeque::elementAt (4 bytes)
Event: 0.555 Thread 0x000002184b2fc180 nmethod 849 0x000002182e974010 code [0x000002182e9741a0, 0x000002182e9742b8]
Event: 0.558 Thread 0x000002184b2fc180  850       3       java.lang.ref.Reference::clear (5 bytes)
Event: 0.558 Thread 0x000002184b2fc180 nmethod 850 0x000002182e974390 code [0x000002182e974540, 0x000002182e974678]
Event: 0.558 Thread 0x000002184b2fc180  851       3       sun.nio.ch.FileChannelImpl::beginBlocking (12 bytes)
Event: 0.558 Thread 0x000002184b2fc180 nmethod 851 0x000002182e974710 code [0x000002182e9748c0, 0x000002182e974a30]
Event: 0.558 Thread 0x000002184b2fc180  852       3       sun.nio.ch.FileChannelImpl::endBlocking (13 bytes)
Event: 0.559 Thread 0x000002184b2fc180 nmethod 852 0x000002182e974b10 code [0x000002182e974cc0, 0x000002182e974e30]
Event: 0.559 Thread 0x000002184b2fc180  853  s    3       sun.nio.ch.ChannelInputStream::read (77 bytes)
Event: 0.559 Thread 0x000002184b2fc180 nmethod 853 0x000002182e974f10 code [0x000002182e975140, 0x000002182e9759e0]

GC Heap History (0 events):
No events

Dll operation events (8 events):
Event: 0.004 Loaded shared library C:\Program Files\Java\jdk-21\bin\java.dll
Event: 0.022 Loaded shared library C:\Program Files\Java\jdk-21\bin\jsvml.dll
Event: 0.036 Loaded shared library C:\Program Files\Java\jdk-21\bin\net.dll
Event: 0.037 Loaded shared library C:\Program Files\Java\jdk-21\bin\nio.dll
Event: 0.050 Loaded shared library C:\Program Files\Java\jdk-21\bin\zip.dll
Event: 0.126 Loaded shared library C:\Users\user\AppData\Local\Temp\lwjgl_user\3.4.1+2\x64\lwjgl.dll
Event: 0.131 Loaded shared library C:\Program Files\Java\jdk-21\bin\jimage.dll
Event: 0.333 Loaded shared library C:\Users\user\AppData\Local\Temp\lwjgl_user\3.4.1+2\x64\lwjgl_opengl.dll

Deoptimization events (20 events):
Event: 0.096 Thread 0x00000218249acc80 Uncommon trap: trap_request=0xffffff45 fr.pc=0x00000218363402b8 relative=0x0000000000000658
Event: 0.096 Thread 0x00000218249acc80 Uncommon trap: reason=unstable_if action=reinterpret pc=0x00000218363402b8 method=java.lang.StringLatin1.newString([BII)Ljava/lang/String; @ 1 c2
Event: 0.096 Thread 0x00000218249acc80 DEOPT PACKING pc=0x00000218363402b8 sp=0x000000388fafe790
Event: 0.096 Thread 0x00000218249acc80 DEOPT UNPACKING pc=0x0000021835dd46a2 sp=0x000000388fafe6f0 mode 2
Event: 0.096 Thread 0x00000218249acc80 Uncommon trap: trap_request=0xffffff45 fr.pc=0x000002183633f450 relative=0x0000000000000510
Event: 0.096 Thread 0x00000218249acc80 Uncommon trap: reason=unstable_if action=reinterpret pc=0x000002183633f450 method=java.lang.StringLatin1.newString([BII)Ljava/lang/String; @ 1 c2
Event: 0.096 Thread 0x00000218249acc80 DEOPT PACKING pc=0x000002183633f450 sp=0x000000388fafe710
Event: 0.096 Thread 0x00000218249acc80 DEOPT UNPACKING pc=0x0000021835dd46a2 sp=0x000000388fafe6f0 mode 2
Event: 0.098 Thread 0x00000218249acc80 Uncommon trap: trap_request=0xffffff45 fr.pc=0x00000218363288e4 relative=0x00000000000000c4
Event: 0.098 Thread 0x00000218249acc80 Uncommon trap: reason=unstable_if action=reinterpret pc=0x00000218363288e4 method=java.lang.String.isLatin1()Z @ 10 c2
Event: 0.098 Thread 0x00000218249acc80 DEOPT PACKING pc=0x00000218363288e4 sp=0x000000388fafde60
Event: 0.098 Thread 0x00000218249acc80 DEOPT UNPACKING pc=0x0000021835dd46a2 sp=0x000000388fafdda0 mode 2
Event: 0.337 Thread 0x00000218249acc80 Uncommon trap: trap_request=0xffffff54 fr.pc=0x0000021836369010 relative=0x0000000000000070
Event: 0.337 Thread 0x00000218249acc80 Uncommon trap: reason=speculate_null_assert action=make_not_entrant pc=0x0000021836369010 method=sun.misc.Unsafe.putLong(Ljava/lang/Object;JJ)V @ 7 c2
Event: 0.337 Thread 0x00000218249acc80 DEOPT PACKING pc=0x0000021836369010 sp=0x000000388fafeca0
Event: 0.337 Thread 0x00000218249acc80 DEOPT UNPACKING pc=0x0000021835dd46a2 sp=0x000000388fafec18 mode 2
Event: 0.437 Thread 0x00000218249acc80 Uncommon trap: trap_request=0xffffff54 fr.pc=0x000002183636a00c relative=0x000000000000006c
Event: 0.437 Thread 0x00000218249acc80 Uncommon trap: reason=speculate_null_assert action=make_not_entrant pc=0x000002183636a00c method=sun.misc.Unsafe.getLong(Ljava/lang/Object;J)J @ 5 c2
Event: 0.437 Thread 0x00000218249acc80 DEOPT PACKING pc=0x000002183636a00c sp=0x000000388fafeb60
Event: 0.437 Thread 0x00000218249acc80 DEOPT UNPACKING pc=0x0000021835dd46a2 sp=0x000000388fafeae8 mode 2

Classes loaded (20 events):
Event: 0.175 Loading class java/time/zone/ZoneRulesProvider
Event: 0.175 Loading class java/time/zone/ZoneRulesProvider done
Event: 0.175 Loading class java/time/zone/ZoneRulesProvider$1
Event: 0.175 Loading class java/time/zone/ZoneRulesProvider$1 done
Event: 0.175 Loading class java/time/zone/TzdbZoneRulesProvider
Event: 0.175 Loading class java/time/zone/TzdbZoneRulesProvider done
Event: 0.176 Loading class java/util/Arrays$ArrayItr
Event: 0.176 Loading class java/util/Arrays$ArrayItr done
Event: 0.178 Loading class java/time/zone/Ser
Event: 0.178 Loading class java/io/Externalizable
Event: 0.178 Loading class java/io/Externalizable done
Event: 0.178 Loading class java/time/zone/Ser done
Event: 0.178 Loading class java/time/zone/ZoneOffsetTransition
Event: 0.178 Loading class java/time/zone/ZoneOffsetTransition done
Event: 0.336 Loading class java/util/Formatter$FixedString
Event: 0.336 Loading class java/util/Formatter$FixedString done
Event: 0.437 Loading class java/nio/InvalidMarkException
Event: 0.437 Loading class java/nio/InvalidMarkException done
Event: 0.437 Loading class java/nio/BufferUnderflowException
Event: 0.437 Loading class java/nio/BufferUnderflowException done

Classes unloaded (0 events):
No events

Classes redefined (0 events):
No events

Internal exceptions (20 events):
Event: 0.128 Thread 0x00000218249acc80 Exception <a 'sun/nio/fs/WindowsException'{0x0000000620be93f8}> (0x0000000620be93f8) 
thrown [s\open\src\hotspot\share\prims\jni.cpp, line 520]
Event: 0.133 Thread 0x00000218249acc80 Exception <a 'sun/nio/fs/WindowsException'{0x0000000620421698}> (0x0000000620421698) 
thrown [s\open\src\hotspot\share\prims\jni.cpp, line 520]
Event: 0.137 Thread 0x00000218249acc80 Exception <a 'sun/nio/fs/WindowsException'{0x000000062043c6c0}> (0x000000062043c6c0) 
thrown [s\open\src\hotspot\share\prims\jni.cpp, line 520]
Event: 0.137 Thread 0x00000218249acc80 Exception <a 'sun/nio/fs/WindowsException'{0x000000062043ca18}> (0x000000062043ca18) 
thrown [s\open\src\hotspot\share\prims\jni.cpp, line 520]
Event: 0.144 Thread 0x00000218249acc80 Exception <a 'java/lang/NoSuchMethodError'{0x00000006204c25d0}: 'int java.lang.invoke.DirectMethodHandle$Holder.invokeStaticInit(java.lang.Object, java.lang.Object, int, long)'> (0x00000006204c25d0) 
thrown [s\open\src\hotspot\share\interpreter\linkResolver.cpp, line 773]
Event: 0.144 Thread 0x00000218249acc80 Exception <a 'java/lang/NoSuchMethodError'{0x00000006204c78c8}: 'java.lang.Object java.lang.invoke.DirectMethodHandle$Holder.newInvokeSpecial(java.lang.Object, java.lang.Object, int)'> (0x00000006204c78c8) 
thrown [s\open\src\hotspot\share\interpreter\linkResolver.cpp, line 773]
Event: 0.145 Thread 0x00000218249acc80 Exception <a 'java/lang/NoSuchMethodError'{0x00000006204d8770}: 'int java.lang.invoke.DirectMethodHandle$Holder.invokeStaticInit(java.lang.Object, java.lang.Object, long, long)'> (0x00000006204d8770) 
thrown [s\open\src\hotspot\share\interpreter\linkResolver.cpp, line 773]
Event: 0.146 Thread 0x00000218249acc80 Exception <a 'java/lang/NoSuchMethodError'{0x00000006204de2a8}: 'java.lang.Object java.lang.invoke.DirectMethodHandle$Holder.newInvokeSpecial(java.lang.Object, java.lang.Object, long)'> (0x00000006204de2a8) 
thrown [s\open\src\hotspot\share\interpreter\linkResolver.cpp, line 773]
Event: 0.146 Thread 0x00000218249acc80 Exception <a 'java/lang/NoSuchMethodError'{0x00000006204e2320}: 'java.lang.Object java.lang.invoke.Invokers$Holder.linkToTargetMethod(java.lang.Object, long, java.lang.Object)'> (0x00000006204e2320) 
thrown [s\open\src\hotspot\share\interpreter\linkResolver.cpp, line 773]
Event: 0.146 Thread 0x00000218249acc80 Exception <a 'java/lang/NoSuchMethodError'{0x00000006204e93c8}: 'int java.lang.invoke.DirectMethodHandle$Holder.invokeStaticInit(java.lang.Object, java.lang.Object, java.lang.Object, long)'> (0x00000006204e93c8) 
thrown [s\open\src\hotspot\share\interpreter\linkResolver.cpp, line 773]
Event: 0.148 Thread 0x00000218249acc80 Exception <a 'sun/nio/fs/WindowsException'{0x00000006204f7d10}> (0x00000006204f7d10) 
thrown [s\open\src\hotspot\share\prims\jni.cpp, line 520]
Event: 0.177 Thread 0x00000218249acc80 Exception <a 'sun/nio/fs/WindowsException'{0x00000006205ab368}> (0x00000006205ab368) 
thrown [s\open\src\hotspot\share\prims\jni.cpp, line 520]
Event: 0.330 Thread 0x00000218249acc80 Exception <a 'java/lang/NoSuchMethodError'{0x00000006205ea0e0}: 'void java.lang.System.load(java.lang.String, java.lang.Class)'> (0x00000006205ea0e0) 
thrown [s\open\src\hotspot\share\interpreter\linkResolver.cpp, line 773]
Event: 0.330 Thread 0x00000218249acc80 Exception <a 'java/lang/NoSuchMethodError'{0x00000006205ecaa0}: 'void java.lang.System.loadLibrary(java.lang.String, java.lang.Class)'> (0x00000006205ecaa0) 
thrown [s\open\src\hotspot\share\interpreter\linkResolver.cpp, line 773]
Event: 0.332 Thread 0x00000218249acc80 Exception <a 'sun/nio/fs/WindowsException'{0x00000006205fad50}> (0x00000006205fad50) 
thrown [s\open\src\hotspot\share\prims\jni.cpp, line 520]
Event: 0.332 Thread 0x00000218249acc80 Exception <a 'sun/nio/fs/WindowsException'{0x00000006205fb0e0}> (0x00000006205fb0e0) 
thrown [s\open\src\hotspot\share\prims\jni.cpp, line 520]
Event: 0.334 Thread 0x00000218249acc80 Exception <a 'sun/nio/fs/WindowsException'{0x00000006205fd5e8}> (0x00000006205fd5e8) 
thrown [s\open\src\hotspot\share\prims\jni.cpp, line 520]
Event: 0.335 Thread 0x00000218249acc80 Exception <a 'sun/nio/fs/WindowsException'{0x000000062060d768}> (0x000000062060d768) 
thrown [s\open\src\hotspot\share\prims\jni.cpp, line 520]
Event: 0.335 Thread 0x00000218249acc80 Exception <a 'sun/nio/fs/WindowsException'{0x000000062060e300}> (0x000000062060e300) 
thrown [s\open\src\hotspot\share\prims\jni.cpp, line 520]
Event: 0.335 Thread 0x00000218249acc80 Exception <a 'sun/nio/fs/WindowsException'{0x000000062060e5d0}> (0x000000062060e5d0) 
thrown [s\open\src\hotspot\share\prims\jni.cpp, line 520]

ZGC Phase Switch (0 events):
No events

VM Operations (6 events):
Event: 0.055 Executing VM operation: HandshakeAllThreads (Deoptimize)
Event: 0.055 Executing VM operation: HandshakeAllThreads (Deoptimize) done
Event: 0.093 Executing VM operation: HandshakeAllThreads (Deoptimize)
Event: 0.093 Executing VM operation: HandshakeAllThreads (Deoptimize) done
Event: 0.121 Executing VM operation: HandshakeAllThreads (Deoptimize)
Event: 0.121 Executing VM operation: HandshakeAllThreads (Deoptimize) done

Events (13 events):
Event: 0.012 Thread 0x00000218249acc80 Thread added: 0x00000218249acc80
Event: 0.021 Thread 0x000002184ad96f40 Thread added: 0x000002184ad96f40
Event: 0.021 Thread 0x000002184ad987a0 Thread added: 0x000002184ad987a0
Event: 0.021 Thread 0x000002184ad9dcd0 Thread added: 0x000002184ad9dcd0
Event: 0.021 Thread 0x000002184b2f0080 Thread added: 0x000002184b2f0080
Event: 0.021 Thread 0x000002184b2f1270 Thread added: 0x000002184b2f1270
Event: 0.021 Thread 0x000002184b2fadf0 Thread added: 0x000002184b2fadf0
Event: 0.021 Thread 0x000002184b2fb930 Thread added: 0x000002184b2fb930
Event: 0.021 Thread 0x000002184b2fc180 Thread added: 0x000002184b2fc180
Event: 0.033 Thread 0x000002184b3c4860 Thread added: 0x000002184b3c4860
Event: 0.068 Thread 0x000002184b49f410 Thread added: 0x000002184b49f410
Event: 0.098 Thread 0x000002184b656430 Thread added: 0x000002184b656430
Event: 0.329 Thread 0x000002184b49f410 Thread exited: 0x000002184b49f410


Dynamic libraries:
0x00007ff7737f0000 - 0x00007ff773800000 	C:\Program Files\Java\jdk-21\bin\javaw.exe
0x00007ffa22ab0000 - 0x00007ffa22ca8000 	C:\Windows\SYSTEM32\ntdll.dll
0x00007ffa21340000 - 0x00007ffa213ff000 	C:\Windows\System32\KERNEL32.DLL
0x00007ffa20350000 - 0x00007ffa20622000 	C:\Windows\System32\KERNELBASE.dll
0x00007ffa20660000 - 0x00007ffa20760000 	C:\Windows\System32\ucrtbase.dll
0x00007ffa1b700000 - 0x00007ffa1b71b000 	C:\Program Files\Java\jdk-21\bin\VCRUNTIME140.dll
0x00007ffa1b090000 - 0x00007ffa1b0a9000 	C:\Program Files\Java\jdk-21\bin\jli.dll
0x00007ffa22030000 - 0x00007ffa220de000 	C:\Windows\System32\ADVAPI32.dll
0x00007ffa20cd0000 - 0x00007ffa20d6e000 	C:\Windows\System32\msvcrt.dll
0x00007ffa20e10000 - 0x00007ffa20eac000 	C:\Windows\System32\sechost.dll
0x00007ffa228b0000 - 0x00007ffa229d5000 	C:\Windows\System32\RPCRT4.dll
0x00007ffa21190000 - 0x00007ffa21331000 	C:\Windows\System32\USER32.dll
0x00007ffa20990000 - 0x00007ffa209b2000 	C:\Windows\System32\win32u.dll
0x00007ffa04900000 - 0x00007ffa04b9a000 	C:\Windows\WinSxS\amd64_microsoft.windows.common-controls_6595b64144ccf1df_6.0.19041.1110_none_60b5254171f9507e\COMCTL32.dll
0x00007ffa218e0000 - 0x00007ffa2190b000 	C:\Windows\System32\GDI32.dll
0x00007ffa20760000 - 0x00007ffa2086f000 	C:\Windows\System32\gdi32full.dll
0x00007ffa20a50000 - 0x00007ffa20aed000 	C:\Windows\System32\msvcp_win.dll
0x00007ffa1a120000 - 0x00007ffa1a12a000 	C:\Windows\SYSTEM32\VERSION.dll
0x00007ffa20dd0000 - 0x00007ffa20e02000 	C:\Windows\System32\IMM32.DLL
0x00007ffa1b940000 - 0x00007ffa1b94c000 	C:\Program Files\Java\jdk-21\bin\vcruntime140_1.dll
0x00007ffa15260000 - 0x00007ffa152ee000 	C:\Program Files\Java\jdk-21\bin\msvcp140.dll
0x00007ff9cf210000 - 0x00007ff9cff2a000 	C:\Program Files\Java\jdk-21\bin\server\jvm.dll
0x00007ffa220e0000 - 0x00007ffa2214b000 	C:\Windows\System32\WS2_32.dll
0x00007ffa1f720000 - 0x00007ffa1f76b000 	C:\Windows\SYSTEM32\POWRPROF.dll
0x00007ffa0e130000 - 0x00007ffa0e157000 	C:\Windows\SYSTEM32\WINMM.dll
0x00007ffa1f5e0000 - 0x00007ffa1f5f2000 	C:\Windows\SYSTEM32\UMPDC.dll
0x00007ffa1ea00000 - 0x00007ffa1ea12000 	C:\Windows\SYSTEM32\kernel.appcore.dll
0x00007ffa1b790000 - 0x00007ffa1b79a000 	C:\Program Files\Java\jdk-21\bin\jimage.dll
0x00007ffa1ded0000 - 0x00007ffa1e0b4000 	C:\Windows\SYSTEM32\DBGHELP.DLL
0x00007ffa001a0000 - 0x00007ffa001d5000 	C:\Windows\SYSTEM32\dbgcore.DLL
0x00007ffa209c0000 - 0x00007ffa20a42000 	C:\Windows\System32\bcryptPrimitives.dll
0x00007ffa1ad00000 - 0x00007ffa1ad1f000 	C:\Program Files\Java\jdk-21\bin\java.dll
0x00007ffa22160000 - 0x00007ffa228a5000 	C:\Windows\System32\SHELL32.dll
0x00007ffa1e0c0000 - 0x00007ffa1e852000 	C:\Windows\SYSTEM32\windows.storage.dll
0x00007ffa21bc0000 - 0x00007ffa21f15000 	C:\Windows\System32\combase.dll
0x00007ffa1fc00000 - 0x00007ffa1fc30000 	C:\Windows\SYSTEM32\Wldp.dll
0x00007ffa21f80000 - 0x00007ffa2202d000 	C:\Windows\System32\SHCORE.dll
0x00007ffa21b60000 - 0x00007ffa21bb5000 	C:\Windows\System32\shlwapi.dll
0x00007ffa200e0000 - 0x00007ffa200ff000 	C:\Windows\SYSTEM32\profapi.dll
0x00007ffa149c0000 - 0x00007ffa14a97000 	C:\Program Files\Java\jdk-21\bin\jsvml.dll
0x00007ffa1b080000 - 0x00007ffa1b090000 	C:\Program Files\Java\jdk-21\bin\net.dll
0x00007ffa18b40000 - 0x00007ffa18c4c000 	C:\Windows\SYSTEM32\WINHTTP.dll
0x00007ffa1f960000 - 0x00007ffa1f9ca000 	C:\Windows\system32\mswsock.dll
0x00007ffa1aca0000 - 0x00007ffa1acb6000 	C:\Program Files\Java\jdk-21\bin\nio.dll
0x00007ffa1aa00000 - 0x00007ffa1aa18000 	C:\Program Files\Java\jdk-21\bin\zip.dll
0x00007ff9f6e30000 - 0x00007ff9f6eb4000 	C:\Users\user\AppData\Local\Temp\lwjgl_user\3.4.1+2\x64\lwjgl.dll
0x00007ff9f6ce0000 - 0x00007ff9f6d6a000 	C:\Users\user\AppData\Local\Temp\lwjgl_user\3.4.1+2\x64\glfw.dll
0x00007ff9dbc80000 - 0x00007ff9dbcc5000 	C:\Windows\SYSTEM32\dinput8.dll
0x00007ffa065d0000 - 0x00007ffa065e1000 	C:\Windows\SYSTEM32\xinput1_4.dll
0x00007ffa201a0000 - 0x00007ffa201ee000 	C:\Windows\System32\cfgmgr32.dll
0x00007ffa1ff70000 - 0x00007ffa1ff9c000 	C:\Windows\SYSTEM32\DEVOBJ.dll
0x00007ffa1d940000 - 0x00007ffa1d96f000 	C:\Windows\SYSTEM32\dwmapi.dll
0x00007ffa04c00000 - 0x00007ffa04d52000 	C:\Windows\SYSTEM32\inputhost.dll
0x00007ffa20bd0000 - 0x00007ffa20c9d000 	C:\Windows\System32\OLEAUT32.dll
0x00007ffa1bbf0000 - 0x00007ffa1bd44000 	C:\Windows\SYSTEM32\wintypes.dll
0x00007ffa1b1e0000 - 0x00007ffa1b2d6000 	C:\Windows\SYSTEM32\PROPSYS.dll
0x00007ffa1d2f0000 - 0x00007ffa1d3e2000 	C:\Windows\SYSTEM32\CoreMessaging.dll
0x00007ffa1cf90000 - 0x00007ffa1d2ee000 	C:\Windows\SYSTEM32\CoreUIComponents.dll
0x00007ffa1f350000 - 0x00007ffa1f383000 	C:\Windows\SYSTEM32\ntmarta.dll
0x00007ffa1d670000 - 0x00007ffa1d70e000 	C:\Windows\system32\uxtheme.dll
0x00007ffa21910000 - 0x00007ffa21a25000 	C:\Windows\System32\MSCTF.dll
0x00007ff9e9390000 - 0x00007ff9e94b5000 	C:\Windows\SYSTEM32\opengl32.dll
0x00007ffa07560000 - 0x00007ffa0758c000 	C:\Windows\SYSTEM32\GLU32.dll
0x00007ffa20eb0000 - 0x00007ffa20f59000 	C:\Windows\System32\clbcatq.dll
0x00007ff993d70000 - 0x00007ff996695000 	C:\Windows\System32\DriverStore\FileRepository\nv_dispi.inf_amd64_7840b4313191ae17\nvoglv64.dll
0x00007ffa21470000 - 0x00007ffa218d8000 	C:\Windows\System32\SETUPAPI.dll
0x00007ffa20630000 - 0x00007ffa20657000 	C:\Windows\System32\bcrypt.dll
0x00007ffa21a30000 - 0x00007ffa21b5a000 	C:\Windows\System32\ole32.dll
0x00007ffa1b4f0000 - 0x00007ffa1b504000 	C:\Windows\SYSTEM32\WTSAPI32.dll
0x00007ffa1fd90000 - 0x00007ffa1fda2000 	C:\Windows\SYSTEM32\msasn1.dll
0x00007ffa187b0000 - 0x00007ffa187e1000 	C:\Windows\SYSTEM32\cryptnet.dll
0x00007ffa201f0000 - 0x00007ffa20346000 	C:\Windows\System32\CRYPT32.dll
0x00007ffa1fb70000 - 0x00007ffa1fb7c000 	C:\Windows\SYSTEM32\cryptbase.dll
0x00007ffa18660000 - 0x00007ffa187a8000 	C:\Windows\SYSTEM32\drvstore.dll
0x00007ffa20870000 - 0x00007ffa208d9000 	C:\Windows\System32\WINTRUST.dll
0x00007ffa20cb0000 - 0x00007ffa20ccd000 	C:\Windows\System32\imagehlp.dll
0x00007ffa1fb50000 - 0x00007ffa1fb68000 	C:\Windows\SYSTEM32\CRYPTSP.dll
0x00007ffa1f210000 - 0x00007ffa1f244000 	C:\Windows\system32\rsaenh.dll
0x00007ffa0f010000 - 0x00007ffa13d0f000 	C:\Windows\System32\DriverStore\FileRepository\nv_dispi.inf_amd64_7840b4313191ae17\nvgpucomp64.dll
0x00007ffa16ff0000 - 0x00007ffa1702b000 	C:\Windows\SYSTEM32\dxcore.dll
0x00007ffa14ec0000 - 0x00007ffa15007000 	C:\Windows\system32\nvspcap64.dll
0x00007ffa1eed0000 - 0x00007ffa1ef34000 	C:\Windows\SYSTEM32\WINSTA.dll
0x00007ffa05740000 - 0x00007ffa0579c000 	C:\Users\user\AppData\Local\Temp\lwjgl_user\3.4.1+2\x64\lwjgl_opengl.dll
0x00007ffa14240000 - 0x00007ffa14339000 	C:\Windows\SYSTEM32\textinputframework.dll

dbghelp: loaded successfully - version: 4.0.5 - missing functions: none
symbol engine: initialized successfully - sym options: 0x614 - pdb path: .;C:\Program Files\Java\jdk-21\bin;C:\Windows\SYSTEM32;C:\Windows\WinSxS\amd64_microsoft.windows.common-controls_6595b64144ccf1df_6.0.19041.1110_none_60b5254171f9507e;C:\Program Files\Java\jdk-21\bin\server;C:\Users\user\AppData\Local\Temp\lwjgl_user\3.4.1+2\x64;C:\Windows\System32\DriverStore\FileRepository\nv_dispi.inf_amd64_7840b4313191ae17

VM Arguments:
jvm_args: -Dfile.encoding=UTF-8 -Dstdout.encoding=UTF-8 -Dstderr.encoding=UTF-8 --module-path=C:\Users\user\eclipse-workspace\Kvadratiki\bin;C:\Users\user\eclipse-workspace\Kvadratiki\library\joml-1.10.8.jar;C:\Users\user\eclipse-workspace\Kvadratiki\library\joml-1.10.8-javadoc.jar;C:\Users\user\eclipse-workspace\Kvadratiki\library\joml-1.10.8-sources.jar;C:\Users\user\eclipse-workspace\Kvadratiki\library\lwjgl.jar;C:\Users\user\eclipse-workspace\Kvadratiki\library\lwjgl-assimp.jar;C:\Users\user\eclipse-workspace\Kvadratiki\library\lwjgl-assimp-javadoc.jar;C:\Users\user\eclipse-workspace\Kvadratiki\library\lwjgl-assimp-natives-windows.jar;C:\Users\user\eclipse-workspace\Kvadratiki\library\lwjgl-assimp-sources.jar;C:\Users\user\eclipse-workspace\Kvadratiki\library\lwjgl-glfw.jar;C:\Users\user\eclipse-workspace\Kvadratiki\library\lwjgl-glfw-javadoc.jar;C:\Users\user\eclipse-workspace\Kvadratiki\library\lwjgl-glfw-natives-windows.jar;C:\Users\user\eclipse-workspace\Kvadratiki\library\lwjgl-glfw-sources.jar;C:\Users\user\eclipse-workspace\Kvadratiki\library\lwjgl-javadoc.jar;C:\Users\user\eclipse-workspace\Kvadratiki\library\lwjgl-natives-windows.jar;C:\Users\user\eclipse-workspace\Kvadratiki\library\lwjgl-openal.jar;C:\Users\user\eclipse-workspace\Kvadratiki\library\lwjgl-openal-javadoc.jar;C:\Users\user\eclipse-workspace\Kvadratiki\library\lwjgl-openal-natives-windows.jar;C:\Users\user\eclipse-workspace\Kvadratiki\library\lwjgl-openal-sources.jar;C:\Users\user\eclipse-workspace\Kvadratiki\library\lwjgl-opengl.jar;C:\Users\user\eclipse-workspace\Kvadratiki\library\lwjgl-opengl-javadoc.jar;C:\Users\user\eclipse-workspace\Kvadratiki\library\lwjgl-opengl-natives-windows.jar;C:\Users\user\eclipse-workspace\Kvadratiki\library\lwjgl-opengl-sources.jar;C:\Users\user\eclipse-workspace\Kvadratiki\library\lwjgl-sources.jar;C:\Users\user\eclipse-workspace\Kvadratiki\library\lwjgl-stb.jar;C:\Users\user\eclipse-workspace\Kvadratiki\library\lwjgl-stb-javadoc.jar;C:\Users\user\eclipse-workspace\Kvadratiki\library\lwjgl-stb-natives-windows.jar;C:\Users\user\ecli-XX:+ShowCodeDetailsInExceptionMessages -Djdk.module.main=Kvadratiki 
java_command: Kvadratiki/Run.Main
java_class_path (initial): <not set>
Launcher Type: SUN_STANDARD

[Global flags]
     intx CICompilerCount                          = 4                                         {product} {ergonomic}
     uint ConcGCThreads                            = 3                                         {product} {ergonomic}
     uint G1ConcRefinementThreads                  = 10                                        {product} {ergonomic}
   size_t G1HeapRegionSize                         = 4194304                                   {product} {ergonomic}
    uintx GCDrainStackTargetSize                   = 64                                        {product} {ergonomic}
   size_t InitialHeapSize                          = 536870912                                 {product} {ergonomic}
   size_t MarkStackSize                            = 4194304                                   {product} {ergonomic}
   size_t MaxHeapSize                              = 8573157376                                {product} {ergonomic}
   size_t MaxNewSize                               = 5142216704                                {product} {ergonomic}
   size_t MinHeapDeltaBytes                        = 4194304                                   {product} {ergonomic}
   size_t MinHeapSize                              = 8388608                                   {product} {ergonomic}
    uintx NonNMethodCodeHeapSize                   = 5839372                                {pd product} {ergonomic}
    uintx NonProfiledCodeHeapSize                  = 122909434                              {pd product} {ergonomic}
    uintx ProfiledCodeHeapSize                     = 122909434                              {pd product} {ergonomic}
    uintx ReservedCodeCacheSize                    = 251658240                              {pd product} {ergonomic}
     bool SegmentedCodeCache                       = true                                      {product} {ergonomic}
     bool ShowCodeDetailsInExceptionMessages       = true                                   {manageable} {command line}
   size_t SoftMaxHeapSize                          = 8573157376                             {manageable} {ergonomic}
     bool UseCompressedOops                        = true                           {product lp64_product} {ergonomic}
     bool UseG1GC                                  = true                                      {product} {ergonomic}
     bool UseLargePagesIndividualAllocation        = false                                  {pd product} {ergonomic}

Logging:
Log output configuration:
 #0: stdout all=warning uptime,level,tags foldmultilines=false
 #1: stderr all=off uptime,level,tags foldmultilines=false

Environment Variables:
PATH=C:\Program Files (x86)\Common Files\Intel\Shared Libraries\redist\intel64\compiler;C:\Program Files\Common Files\Oracle\Java\javapath;C:\Program Files (x86)\Common Files\Oracle\Java\java8path;C:\Program Files (x86)\Common Files\Oracle\Java\javapath;C:\Program Files\Python37\Scripts\;C:\Program Files\Python37\;C:\Windows\system32;C:\Windows;C:\Windows\System32\Wbem;C:\Windows\System32\WindowsPowerShell\v1.0\;C:\Windows\System32\OpenSSH\;C:\Program Files (x86)\NVIDIA Corporation\PhysX\Common;C:\Program Files\dotnet\;C:\Program Files\NVIDIA Corporation\NVIDIA app\NvDLISR;C:\Program Files\playit_gg\bin\;C:\Program Files\Git\cmd;C:\Users\user\AppData\Local\Microsoft\WindowsApps;C:\Program Files\JetBrains\PyCharm Community Edition 2022.3.2\bin;;C:\Users\user\.dotnet\tools;C:\Users\user\AppData\Local\Programs\Microsoft VS Code\bin;C:\Users\user\AppData\Local\GitHubDesktop\bin
USERNAME=user
OS=Windows_NT
PROCESSOR_IDENTIFIER=AMD64 Family 25 Model 33 Stepping 2, AuthenticAMD
TMP=C:\Users\user\AppData\Local\Temp
TEMP=C:\Users\user\AppData\Local\Temp




Periodic native trim disabled

---------------  S Y S T E M  ---------------

OS:
 Windows 10 , 64 bit Build 19041 (10.0.19041.2546)
OS uptime: 12 days 2:23 hours

CPU: total 12 (initial active 12) (12 cores per cpu, 2 threads per core) family 25 model 33 stepping 2 microcode 0x0, cx8, cmov, fxsr, ht, mmx, 3dnowpref, sse, sse2, sse3, ssse3, sse4a, sse4.1, sse4.2, popcnt, lzcnt, tsc, tscinvbit, avx, avx2, aes, erms, clmul, bmi1, bmi2, adx, sha, fma, vzeroupper, clflush, clflushopt, rdtscp, rdpid, fsrm, f16c, pku, cet_ss
Processor Information for all 12 processors :
  Max Mhz: 3701, Current Mhz: 3701, Mhz Limit: 3701

Memory: 4k page, system-wide physical 32694M (22079M free)
TotalPageFile size 72694M (AvailPageFile size 54431M)
current process WorkingSet (physical memory assigned to process): 101M, peak: 101M
current process commit charge ("private bytes"): 689M, peak: 689M

vm_info: Java HotSpot(TM) 64-Bit Server VM (21.0.7+8-LTS-245) for windows-amd64 JRE (21.0.7+8-LTS-245), built on 2025-02-21T05:11:27Z by "mach5one" with MS VC++ 17.6 (VS2022)

END.
